mode: atomic
github.com/moleculer-go/moleculer-db/memory_adapter.go:21.47,23.16 2 54
github.com/moleculer-go/moleculer-db/memory_adapter.go:26.2,27.12 2 54
github.com/moleculer-go/moleculer-db/memory_adapter.go:23.16,25.3 1 0
github.com/moleculer-go/moleculer-db/memory_adapter.go:30.50,33.2 2 54
github.com/moleculer-go/moleculer-db/memory_adapter.go:35.80,38.41 3 50
github.com/moleculer-go/moleculer-db/memory_adapter.go:41.2,41.35 1 50
github.com/moleculer-go/moleculer-db/memory_adapter.go:45.2,49.16 5 50
github.com/moleculer-go/moleculer-db/memory_adapter.go:52.2,53.6 2 50
github.com/moleculer-go/moleculer-db/memory_adapter.go:60.2,60.27 1 50
github.com/moleculer-go/moleculer-db/memory_adapter.go:38.41,40.3 1 18
github.com/moleculer-go/moleculer-db/memory_adapter.go:41.35,43.3 1 18
github.com/moleculer-go/moleculer-db/memory_adapter.go:49.16,51.3 1 0
github.com/moleculer-go/moleculer-db/memory_adapter.go:53.6,55.19 2 108
github.com/moleculer-go/moleculer-db/memory_adapter.go:58.3,58.44 1 58
github.com/moleculer-go/moleculer-db/memory_adapter.go:55.19,56.9 1 50
github.com/moleculer-go/moleculer-db/memory_adapter.go:63.83,69.16 6 14
github.com/moleculer-go/moleculer-db/memory_adapter.go:72.2,72.28 1 14
github.com/moleculer-go/moleculer-db/memory_adapter.go:69.16,71.3 1 0
github.com/moleculer-go/moleculer-db/memory_adapter.go:75.84,81.2 2 14
github.com/moleculer-go/moleculer-db/memory_adapter.go:83.85,86.25 3 4
github.com/moleculer-go/moleculer-db/memory_adapter.go:89.2,89.26 1 4
github.com/moleculer-go/moleculer-db/memory_adapter.go:86.25,88.3 1 8
github.com/moleculer-go/moleculer-db/memory_adapter.go:92.81,95.2 2 36
github.com/moleculer-go/moleculer-db/memory_adapter.go:97.82,104.16 4 158
github.com/moleculer-go/moleculer-db/memory_adapter.go:108.2,109.15 2 158
github.com/moleculer-go/moleculer-db/memory_adapter.go:104.16,107.3 2 0
github.com/moleculer-go/moleculer-db/memory_adapter.go:112.82,114.36 2 2
github.com/moleculer-go/moleculer-db/memory_adapter.go:130.2,130.116 1 0
github.com/moleculer-go/moleculer-db/memory_adapter.go:114.36,117.17 3 2
github.com/moleculer-go/moleculer-db/memory_adapter.go:121.3,123.17 3 2
github.com/moleculer-go/moleculer-db/memory_adapter.go:127.3,128.13 2 2
github.com/moleculer-go/moleculer-db/memory_adapter.go:117.17,120.4 2 0
github.com/moleculer-go/moleculer-db/memory_adapter.go:123.17,126.4 2 0
github.com/moleculer-go/moleculer-db/memory_adapter.go:133.90,135.2 1 0
github.com/moleculer-go/moleculer-db/memory_adapter.go:137.86,139.36 2 0
github.com/moleculer-go/moleculer-db/memory_adapter.go:149.2,149.12 1 0
github.com/moleculer-go/moleculer-db/memory_adapter.go:139.36,142.17 3 0
github.com/moleculer-go/moleculer-db/memory_adapter.go:146.3,147.16 2 0
github.com/moleculer-go/moleculer-db/memory_adapter.go:142.17,145.4 2 0
github.com/moleculer-go/moleculer-db/memory_adapter.go:152.61,154.21 2 28
github.com/moleculer-go/moleculer-db/memory_adapter.go:157.2,159.14 3 28
github.com/moleculer-go/moleculer-db/memory_adapter.go:154.21,156.3 1 0
github.com/moleculer-go/moleculer-db/memory_adapter.go:167.70,169.28 2 64
github.com/moleculer-go/moleculer-db/memory_adapter.go:179.2,179.17 1 64
github.com/moleculer-go/moleculer-db/memory_adapter.go:182.2,183.25 2 64
github.com/moleculer-go/moleculer-db/memory_adapter.go:169.28,171.10 2 64
github.com/moleculer-go/moleculer-db/memory_adapter.go:174.3,174.16 1 64
github.com/moleculer-go/moleculer-db/memory_adapter.go:177.3,177.16 1 64
github.com/moleculer-go/moleculer-db/memory_adapter.go:171.10,173.4 1 0
github.com/moleculer-go/moleculer-db/memory_adapter.go:174.16,176.4 1 0
github.com/moleculer-go/moleculer-db/memory_adapter.go:179.17,181.3 1 0
github.com/moleculer-go/moleculer-db/memory_adapter.go:186.74,189.26 3 648
github.com/moleculer-go/moleculer-db/memory_adapter.go:192.2,192.11 1 648
github.com/moleculer-go/moleculer-db/memory_adapter.go:195.2,195.30 1 648
github.com/moleculer-go/moleculer-db/memory_adapter.go:198.2,199.17 2 648
github.com/moleculer-go/moleculer-db/memory_adapter.go:202.2,203.34 2 648
github.com/moleculer-go/moleculer-db/memory_adapter.go:189.26,191.3 1 0
github.com/moleculer-go/moleculer-db/memory_adapter.go:192.11,194.3 1 2
github.com/moleculer-go/moleculer-db/memory_adapter.go:195.30,197.3 1 0
github.com/moleculer-go/moleculer-db/memory_adapter.go:199.17,201.3 1 0
github.com/moleculer-go/moleculer-db/moleculer_db.go:59.108,61.16 2 14
github.com/moleculer-go/moleculer-db/moleculer_db.go:64.2,65.19 2 14
github.com/moleculer-go/moleculer-db/moleculer_db.go:68.2,68.26 1 14
github.com/moleculer-go/moleculer-db/moleculer_db.go:61.16,63.3 1 0
github.com/moleculer-go/moleculer-db/moleculer_db.go:65.19,67.3 1 0
github.com/moleculer-go/moleculer-db/moleculer_db.go:72.91,74.75 2 8
github.com/moleculer-go/moleculer-db/moleculer_db.go:74.75,78.3 1 8
github.com/moleculer-go/moleculer-db/moleculer_db.go:81.98,82.75 1 2
github.com/moleculer-go/moleculer-db/moleculer_db.go:82.75,86.13 4 2
github.com/moleculer-go/moleculer-db/moleculer_db.go:90.3,94.38 4 2
github.com/moleculer-go/moleculer-db/moleculer_db.go:97.3,98.34 2 2
github.com/moleculer-go/moleculer-db/moleculer_db.go:102.3,111.4 2 2
github.com/moleculer-go/moleculer-db/moleculer_db.go:86.13,89.4 2 2
github.com/moleculer-go/moleculer-db/moleculer_db.go:94.38,96.4 1 0
github.com/moleculer-go/moleculer-db/moleculer_db.go:98.34,100.4 1 0
github.com/moleculer-go/moleculer-db/moleculer_db.go:116.90,118.75 2 6
github.com/moleculer-go/moleculer-db/moleculer_db.go:118.75,120.35 2 4
github.com/moleculer-go/moleculer-db/moleculer_db.go:125.3,125.23 1 4
github.com/moleculer-go/moleculer-db/moleculer_db.go:128.3,130.24 1 4
github.com/moleculer-go/moleculer-db/moleculer_db.go:120.35,122.4 1 2
github.com/moleculer-go/moleculer-db/moleculer_db.go:122.9,122.41 1 2
github.com/moleculer-go/moleculer-db/moleculer_db.go:122.41,124.4 1 2
github.com/moleculer-go/moleculer-db/moleculer_db.go:125.23,127.4 1 0
github.com/moleculer-go/moleculer-db/moleculer_db.go:135.47,140.59 2 2
github.com/moleculer-go/moleculer-db/moleculer_db.go:140.60,142.4 0 0
github.com/moleculer-go/moleculer-db/moleculer_db.go:143.73,145.22 2 0
github.com/moleculer-go/moleculer-db/moleculer_db.go:149.4,150.15 2 0
github.com/moleculer-go/moleculer-db/moleculer_db.go:153.4,154.39 2 0
github.com/moleculer-go/moleculer-db/moleculer_db.go:145.22,148.5 2 0
github.com/moleculer-go/moleculer-db/moleculer_db.go:150.15,152.5 1 0
github.com/moleculer-go/moleculer-db/moleculer_db.go:156.74,158.4 0 0
github.com/moleculer-go/moleculer-db/moleculer_db.go:198.80,200.6 1 0
github.com/moleculer-go/moleculer-db/moleculer_db.go:248.80,251.6 1 0
github.com/moleculer-go/moleculer-db/moleculer_db.go:257.50,258.31 1 110
github.com/moleculer-go/moleculer-db/moleculer_db.go:263.2,263.14 1 60
github.com/moleculer-go/moleculer-db/moleculer_db.go:258.31,259.37 1 126
github.com/moleculer-go/moleculer-db/moleculer_db.go:259.37,261.4 1 50
github.com/moleculer-go/moleculer-db/moleculer_db.go:266.91,267.69 1 12
github.com/moleculer-go/moleculer-db/moleculer_db.go:270.2,270.22 1 12
github.com/moleculer-go/moleculer-db/moleculer_db.go:267.69,269.3 1 8
github.com/moleculer-go/moleculer-db/moleculer_db.go:270.22,272.71 2 10
github.com/moleculer-go/moleculer-db/moleculer_db.go:276.3,276.27 1 10
github.com/moleculer-go/moleculer-db/moleculer_db.go:272.71,275.4 2 20
github.com/moleculer-go/moleculer-db/moleculer_db.go:277.8,279.3 1 2
github.com/moleculer-go/moleculer-db/moleculer_db.go:284.94,286.69 2 22
github.com/moleculer-go/moleculer-db/moleculer_db.go:292.2,292.30 1 22
github.com/moleculer-go/moleculer-db/moleculer_db.go:286.69,287.39 1 110
github.com/moleculer-go/moleculer-db/moleculer_db.go:290.3,290.14 1 110
github.com/moleculer-go/moleculer-db/moleculer_db.go:287.39,289.4 1 50
github.com/moleculer-go/moleculer-db/moleculer_db.go:296.69,298.55 2 10
github.com/moleculer-go/moleculer-db/moleculer_db.go:301.2,301.24 1 8
github.com/moleculer-go/moleculer-db/moleculer_db.go:298.55,300.3 1 2
github.com/moleculer-go/moleculer-db/moleculer_db.go:305.52,307.55 2 18
github.com/moleculer-go/moleculer-db/moleculer_db.go:310.2,310.25 1 16
github.com/moleculer-go/moleculer-db/moleculer_db.go:307.55,309.3 1 2
github.com/moleculer-go/moleculer-db/moleculer_db.go:314.85,316.22 2 12
github.com/moleculer-go/moleculer-db/moleculer_db.go:319.2,319.42 1 4
github.com/moleculer-go/moleculer-db/moleculer_db.go:316.22,318.3 1 8
github.com/moleculer-go/moleculer-db/moleculer_db.go:323.124,325.39 2 30
github.com/moleculer-go/moleculer-db/moleculer_db.go:325.39,327.19 2 8
github.com/moleculer-go/moleculer-db/moleculer_db.go:330.3,336.4 4 8
github.com/moleculer-go/moleculer-db/moleculer_db.go:327.19,328.12 1 0
github.com/moleculer-go/moleculer-db/moleculer_db.go:347.129,348.73 1 18
github.com/moleculer-go/moleculer-db/moleculer_db.go:351.2,352.22 2 18
github.com/moleculer-go/moleculer-db/moleculer_db.go:360.2,360.14 1 18
github.com/moleculer-go/moleculer-db/moleculer_db.go:348.73,350.3 1 0
github.com/moleculer-go/moleculer-db/moleculer_db.go:352.22,353.67 1 12
github.com/moleculer-go/moleculer-db/moleculer_db.go:353.67,356.4 2 24
github.com/moleculer-go/moleculer-db/moleculer_db.go:357.8,359.3 1 6
github.com/moleculer-go/moleculer-db/moleculer_db.go:364.151,366.39 2 28
github.com/moleculer-go/moleculer-db/moleculer_db.go:375.2,375.13 1 28
github.com/moleculer-go/moleculer-db/moleculer_db.go:366.39,368.19 2 6
github.com/moleculer-go/moleculer-db/moleculer_db.go:371.3,373.41 3 6
github.com/moleculer-go/moleculer-db/moleculer_db.go:368.19,369.12 1 0
github.com/moleculer-go/moleculer-db/moleculer_db.go:379.148,380.22 1 14
github.com/moleculer-go/moleculer-db/moleculer_db.go:380.22,382.71 2 12
github.com/moleculer-go/moleculer-db/moleculer_db.go:386.3,386.27 1 12
github.com/moleculer-go/moleculer-db/moleculer_db.go:382.71,385.4 2 24
github.com/moleculer-go/moleculer-db/moleculer_db.go:387.8,389.3 1 2
github.com/moleculer-go/moleculer-db/moleculer_db.go:393.130,397.2 3 12
github.com/moleculer-go/moleculer-db/mongo_adapter.go:30.46,34.16 4 28
github.com/moleculer-go/moleculer-db/mongo_adapter.go:37.2,38.16 2 28
github.com/moleculer-go/moleculer-db/mongo_adapter.go:41.2,42.12 2 28
github.com/moleculer-go/moleculer-db/mongo_adapter.go:34.16,36.3 1 0
github.com/moleculer-go/moleculer-db/mongo_adapter.go:38.16,40.3 1 0
github.com/moleculer-go/moleculer-db/mongo_adapter.go:46.49,49.2 2 28
github.com/moleculer-go/moleculer-db/mongo_adapter.go:51.75,55.21 4 42
github.com/moleculer-go/moleculer-db/mongo_adapter.go:58.2,58.27 1 42
github.com/moleculer-go/moleculer-db/mongo_adapter.go:72.2,72.14 1 42
github.com/moleculer-go/moleculer-db/mongo_adapter.go:55.21,57.3 1 2
github.com/moleculer-go/moleculer-db/mongo_adapter.go:58.27,60.23 2 2
github.com/moleculer-go/moleculer-db/mongo_adapter.go:60.23,62.4 1 0
github.com/moleculer-go/moleculer-db/mongo_adapter.go:62.9,62.29 1 2
github.com/moleculer-go/moleculer-db/mongo_adapter.go:62.29,64.33 2 2
github.com/moleculer-go/moleculer-db/mongo_adapter.go:69.4,69.32 1 2
github.com/moleculer-go/moleculer-db/mongo_adapter.go:64.33,68.5 3 4
github.com/moleculer-go/moleculer-db/mongo_adapter.go:75.70,80.20 5 38
github.com/moleculer-go/moleculer-db/mongo_adapter.go:84.2,84.21 1 38
github.com/moleculer-go/moleculer-db/mongo_adapter.go:88.2,88.19 1 38
github.com/moleculer-go/moleculer-db/mongo_adapter.go:96.2,96.14 1 38
github.com/moleculer-go/moleculer-db/mongo_adapter.go:80.20,83.3 2 22
github.com/moleculer-go/moleculer-db/mongo_adapter.go:84.21,87.3 2 4
github.com/moleculer-go/moleculer-db/mongo_adapter.go:88.19,89.21 1 8
github.com/moleculer-go/moleculer-db/mongo_adapter.go:89.21,91.4 1 0
github.com/moleculer-go/moleculer-db/mongo_adapter.go:91.9,93.4 1 8
github.com/moleculer-go/moleculer-db/mongo_adapter.go:99.42,101.36 2 8
github.com/moleculer-go/moleculer-db/mongo_adapter.go:105.2,105.13 1 8
github.com/moleculer-go/moleculer-db/mongo_adapter.go:101.36,104.3 2 0
github.com/moleculer-go/moleculer-db/mongo_adapter.go:108.58,110.20 2 8
github.com/moleculer-go/moleculer-db/mongo_adapter.go:120.2,121.12 2 0
github.com/moleculer-go/moleculer-db/mongo_adapter.go:110.20,112.31 2 0
github.com/moleculer-go/moleculer-db/mongo_adapter.go:116.3,116.15 1 0
github.com/moleculer-go/moleculer-db/mongo_adapter.go:112.31,115.4 2 0
github.com/moleculer-go/moleculer-db/mongo_adapter.go:117.8,117.46 1 8
github.com/moleculer-go/moleculer-db/mongo_adapter.go:117.46,119.3 1 8
github.com/moleculer-go/moleculer-db/mongo_adapter.go:125.58,127.69 2 0
github.com/moleculer-go/moleculer-db/mongo_adapter.go:132.2,132.14 1 0
github.com/moleculer-go/moleculer-db/mongo_adapter.go:127.69,131.3 3 0
github.com/moleculer-go/moleculer-db/mongo_adapter.go:135.51,137.34 2 42
github.com/moleculer-go/moleculer-db/mongo_adapter.go:140.2,141.21 2 42
github.com/moleculer-go/moleculer-db/mongo_adapter.go:137.34,139.3 1 32
github.com/moleculer-go/moleculer-db/mongo_adapter.go:144.107,149.16 5 38
github.com/moleculer-go/moleculer-db/mongo_adapter.go:152.2,152.25 1 38
github.com/moleculer-go/moleculer-db/mongo_adapter.go:149.16,151.3 1 0
github.com/moleculer-go/moleculer-db/mongo_adapter.go:155.78,156.39 1 74
github.com/moleculer-go/moleculer-db/mongo_adapter.go:159.2,159.14 1 74
github.com/moleculer-go/moleculer-db/mongo_adapter.go:156.39,158.3 1 74
github.com/moleculer-go/moleculer-db/mongo_adapter.go:163.117,165.23 2 38
github.com/moleculer-go/moleculer-db/mongo_adapter.go:174.2,174.37 1 38
github.com/moleculer-go/moleculer-db/mongo_adapter.go:177.2,177.26 1 38
github.com/moleculer-go/moleculer-db/mongo_adapter.go:165.23,168.17 3 74
github.com/moleculer-go/moleculer-db/mongo_adapter.go:171.3,172.48 2 74
github.com/moleculer-go/moleculer-db/mongo_adapter.go:168.17,170.4 1 0
github.com/moleculer-go/moleculer-db/mongo_adapter.go:174.37,176.3 1 0
github.com/moleculer-go/moleculer-db/mongo_adapter.go:181.36,183.11 2 74
github.com/moleculer-go/moleculer-db/mongo_adapter.go:186.2,186.11 1 74
github.com/moleculer-go/moleculer-db/mongo_adapter.go:183.11,185.3 1 74
github.com/moleculer-go/moleculer-db/mongo_adapter.go:190.79,192.16 2 38
github.com/moleculer-go/moleculer-db/mongo_adapter.go:195.2,196.50 2 38
github.com/moleculer-go/moleculer-db/mongo_adapter.go:192.16,194.3 1 0
github.com/moleculer-go/moleculer-db/mongo_adapter.go:199.82,202.2 2 20
github.com/moleculer-go/moleculer-db/mongo_adapter.go:204.83,206.16 2 16
github.com/moleculer-go/moleculer-db/mongo_adapter.go:209.2,215.32 2 16
github.com/moleculer-go/moleculer-db/mongo_adapter.go:206.16,208.3 1 0
github.com/moleculer-go/moleculer-db/mongo_adapter.go:218.84,219.23 1 2
github.com/moleculer-go/moleculer-db/mongo_adapter.go:222.2,223.66 2 2
github.com/moleculer-go/moleculer-db/mongo_adapter.go:227.2,227.10 1 2
github.com/moleculer-go/moleculer-db/mongo_adapter.go:219.23,221.3 1 0
github.com/moleculer-go/moleculer-db/mongo_adapter.go:223.66,226.3 2 6
github.com/moleculer-go/moleculer-db/mongo_adapter.go:231.80,235.16 4 4
github.com/moleculer-go/moleculer-db/mongo_adapter.go:238.2,238.27 1 4
github.com/moleculer-go/moleculer-db/mongo_adapter.go:235.16,237.3 1 0
github.com/moleculer-go/moleculer-db/mongo_adapter.go:241.81,244.16 3 168
github.com/moleculer-go/moleculer-db/mongo_adapter.go:247.2,247.69 1 168
github.com/moleculer-go/moleculer-db/mongo_adapter.go:244.16,246.3 1 0
github.com/moleculer-go/moleculer-db/mongo_adapter.go:250.81,252.18 2 2
github.com/moleculer-go/moleculer-db/mongo_adapter.go:255.2,255.82 1 2
github.com/moleculer-go/moleculer-db/mongo_adapter.go:252.18,254.3 1 0
github.com/moleculer-go/moleculer-db/mongo_adapter.go:258.89,260.16 2 6
github.com/moleculer-go/moleculer-db/mongo_adapter.go:264.2,266.17 3 6
github.com/moleculer-go/moleculer-db/mongo_adapter.go:269.2,269.100 1 6
github.com/moleculer-go/moleculer-db/mongo_adapter.go:260.16,262.3 1 0
github.com/moleculer-go/moleculer-db/mongo_adapter.go:266.17,268.3 1 0
github.com/moleculer-go/moleculer-db/mongo_adapter.go:272.81,274.16 2 2
github.com/moleculer-go/moleculer-db/mongo_adapter.go:277.2,279.17 3 2
github.com/moleculer-go/moleculer-db/mongo_adapter.go:282.2,282.61 1 2
github.com/moleculer-go/moleculer-db/mongo_adapter.go:274.16,276.3 1 0
github.com/moleculer-go/moleculer-db/mongo_adapter.go:279.17,281.3 1 0
github.com/moleculer-go/moleculer-db/mongo_adapter.go:285.60,288.16 3 30
github.com/moleculer-go/moleculer-db/mongo_adapter.go:291.2,291.62 1 30
github.com/moleculer-go/moleculer-db/mongo_adapter.go:288.16,290.3 1 0
github.com/moleculer-go/moleculer-db/no_adapter.go:11.51,12.12 1 0
github.com/moleculer-go/moleculer-db/no_adapter.go:14.54,15.12 1 0
github.com/moleculer-go/moleculer-db/no_adapter.go:17.84,18.12 1 0
github.com/moleculer-go/moleculer-db/no_adapter.go:21.87,22.12 1 0
github.com/moleculer-go/moleculer-db/no_adapter.go:24.88,25.12 1 0
github.com/moleculer-go/moleculer-db/no_adapter.go:27.89,28.12 1 0
github.com/moleculer-go/moleculer-db/no_adapter.go:30.85,31.12 1 0
github.com/moleculer-go/moleculer-db/no_adapter.go:33.86,34.12 1 0
github.com/moleculer-go/moleculer-db/no_adapter.go:36.86,37.12 1 0
github.com/moleculer-go/moleculer-db/no_adapter.go:39.90,40.12 1 0
github.com/moleculer-go/moleculer-db/no_adapter.go:42.90,43.12 1 0
